1684985941.379090 client started (42665): version 3.3a, socket /private/tmp/tmux-501/default, protocol 8
1684985941.379251 on Darwin 21.1.0 Darwin Kernel Version 21.1.0: Wed Oct 13 17:33:01 PDT 2021; root:xnu-8019.41.5~1/RELEASE_ARM64_T6000
1684985941.379316 using libevent 2.1.12-stable (select); utf8proc 2.8.0; ncurses 6.4
1684985941.379354 flags are 0x10010000
1684985941.379368 socket is /private/tmp/tmux-501/default
1684985941.379401 trying connect
1684985941.379525 add peer 0x120048000: 6 (0x0)
1684985941.383282 sending message 100 to peer 0x120048000 (4 bytes)
1684985941.383321 sending message 111 to peer 0x120048000 (8 bytes)
1684985941.383328 sending message 101 to peer 0x120048000 (16 bytes)
1684985941.383334 sending message 109 to peer 0x120048000 (4 bytes)
1684985941.383339 sending message 102 to peer 0x120048000 (13 bytes)
1684985941.383345 sending message 108 to peer 0x120048000 (25 bytes)
1684985941.383349 sending message 112 to peer 0x120048000 (70 bytes)
1684985941.383354 sending message 112 to peer 0x120048000 (5 bytes)
1684985941.383358 sending message 112 to peer 0x120048000 (5 bytes)
1684985941.383363 sending message 112 to peer 0x120048000 (6 bytes)
1684985941.383367 sending message 112 to peer 0x120048000 (6 bytes)
1684985941.383373 sending message 112 to peer 0x120048000 (11 bytes)
1684985941.383377 sending message 112 to peer 0x120048000 (10 bytes)
1684985941.383382 sending message 112 to peer 0x120048000 (13 bytes)
1684985941.383386 sending message 112 to peer 0x120048000 (13 bytes)
1684985941.383391 sending message 112 to peer 0x120048000 (18 bytes)
1684985941.383396 sending message 112 to peer 0x120048000 (11 bytes)
1684985941.383401 sending message 112 to peer 0x120048000 (21 bytes)
1684985941.383406 sending message 112 to peer 0x120048000 (13 bytes)
1684985941.383410 sending message 112 to peer 0x120048000 (7 bytes)
1684985941.383414 sending message 112 to peer 0x120048000 (13 bytes)
1684985941.383419 sending message 112 to peer 0x120048000 (7 bytes)
1684985941.383423 sending message 112 to peer 0x120048000 (13 bytes)
1684985941.383427 sending message 112 to peer 0x120048000 (9 bytes)
1684985941.383432 sending message 112 to peer 0x120048000 (21 bytes)
1684985941.383436 sending message 112 to peer 0x120048000 (13 bytes)
1684985941.383440 sending message 112 to peer 0x120048000 (8 bytes)
1684985941.383446 sending message 112 to peer 0x120048000 (12 bytes)
1684985941.383451 sending message 112 to peer 0x120048000 (13 bytes)
1684985941.383456 sending message 112 to peer 0x120048000 (9 bytes)
1684985941.383460 sending message 112 to peer 0x120048000 (9 bytes)
1684985941.383465 sending message 112 to peer 0x120048000 (12 bytes)
1684985941.383469 sending message 112 to peer 0x120048000 (8 bytes)
1684985941.383473 sending message 112 to peer 0x120048000 (7 bytes)
1684985941.383478 sending message 112 to peer 0x120048000 (7 bytes)
1684985941.383482 sending message 112 to peer 0x120048000 (9 bytes)
1684985941.383487 sending message 112 to peer 0x120048000 (13 bytes)
1684985941.383493 sending message 112 to peer 0x120048000 (9 bytes)
1684985941.383500 sending message 112 to peer 0x120048000 (15 bytes)
1684985941.383505 sending message 112 to peer 0x120048000 (13 bytes)
1684985941.383513 sending message 112 to peer 0x120048000 (12 bytes)
1684985941.383518 sending message 112 to peer 0x120048000 (8 bytes)
1684985941.383523 sending message 112 to peer 0x120048000 (14 bytes)
1684985941.383527 sending message 112 to peer 0x120048000 (9 bytes)
1684985941.383532 sending message 112 to peer 0x120048000 (10 bytes)
1684985941.383536 sending message 112 to peer 0x120048000 (10 bytes)
1684985941.383540 sending message 112 to peer 0x120048000 (10 bytes)
1684985941.383545 sending message 112 to peer 0x120048000 (10 bytes)
1684985941.383551 sending message 112 to peer 0x120048000 (11 bytes)
1684985941.383556 sending message 112 to peer 0x120048000 (10 bytes)
1684985941.383570 sending message 112 to peer 0x120048000 (8 bytes)
1684985941.383581 sending message 112 to peer 0x120048000 (11 bytes)
1684985941.383592 sending message 112 to peer 0x120048000 (11 bytes)
1684985941.383626 sending message 112 to peer 0x120048000 (11 bytes)
1684985941.383633 sending message 112 to peer 0x120048000 (8 bytes)
1684985941.383636 sending message 112 to peer 0x120048000 (8 bytes)
1684985941.383639 sending message 112 to peer 0x120048000 (8 bytes)
1684985941.383642 sending message 112 to peer 0x120048000 (10 bytes)
1684985941.383645 sending message 112 to peer 0x120048000 (10 bytes)
1684985941.383647 sending message 112 to peer 0x120048000 (10 bytes)
1684985941.383650 sending message 112 to peer 0x120048000 (10 bytes)
1684985941.383653 sending message 112 to peer 0x120048000 (10 bytes)
1684985941.383655 sending message 112 to peer 0x120048000 (11 bytes)
1684985941.383658 sending message 112 to peer 0x120048000 (11 bytes)
1684985941.383661 sending message 112 to peer 0x120048000 (10 bytes)
1684985941.383664 sending message 112 to peer 0x120048000 (9 bytes)
1684985941.383666 sending message 112 to peer 0x120048000 (9 bytes)
1684985941.383669 sending message 112 to peer 0x120048000 (12 bytes)
1684985941.383672 sending message 112 to peer 0x120048000 (9 bytes)
1684985941.383674 sending message 112 to peer 0x120048000 (6 bytes)
1684985941.383677 sending message 112 to peer 0x120048000 (13 bytes)
1684985941.383680 sending message 112 to peer 0x120048000 (8 bytes)
1684985941.383683 sending message 112 to peer 0x120048000 (15 bytes)
1684985941.383686 sending message 112 to peer 0x120048000 (13 bytes)
1684985941.383689 sending message 112 to peer 0x120048000 (70 bytes)
1684985941.383692 sending message 112 to peer 0x120048000 (69 bytes)
1684985941.383695 sending message 112 to peer 0x120048000 (10 bytes)
1684985941.383698 sending message 112 to peer 0x120048000 (8 bytes)
1684985941.383700 sending message 112 to peer 0x120048000 (15 bytes)
1684985941.383703 sending message 112 to peer 0x120048000 (13 bytes)
1684985941.383706 sending message 112 to peer 0x120048000 (10 bytes)
1684985941.383708 sending message 112 to peer 0x120048000 (10 bytes)
1684985941.383711 sending message 112 to peer 0x120048000 (5 bytes)
1684985941.383714 sending message 112 to peer 0x120048000 (15 bytes)
1684985941.383719 sending message 104 to peer 0x120048000 (0 bytes)
1684985941.383723 sending message 110 to peer 0x120048000 (0 bytes)
1684985941.383726 sending message 107 to peer 0x120048000 (4 bytes)
1684985941.383729 sending message 105 to peer 0x120048000 (16 bytes)
1684985941.383731 sending message 105 to peer 0x120048000 (37 bytes)
1684985941.383734 sending message 105 to peer 0x120048000 (30 bytes)
1684985941.383736 sending message 105 to peer 0x120048000 (34 bytes)
1684985941.383739 sending message 105 to peer 0x120048000 (60 bytes)
1684985941.383742 sending message 105 to peer 0x120048000 (17 bytes)
1684985941.383744 sending message 105 to peer 0x120048000 (12 bytes)
1684985941.383748 sending message 105 to peer 0x120048000 (93 bytes)
1684985941.383751 sending message 105 to peer 0x120048000 (27 bytes)
1684985941.383753 sending message 105 to peer 0x120048000 (286 bytes)
1684985941.383757 sending message 105 to peer 0x120048000 (29 bytes)
1684985941.383760 sending message 105 to peer 0x120048000 (15 bytes)
1684985941.383762 sending message 105 to peer 0x120048000 (8 bytes)
1684985941.383765 sending message 105 to peer 0x120048000 (66 bytes)
1684985941.383768 sending message 105 to peer 0x120048000 (21 bytes)
1684985941.383773 sending message 105 to peer 0x120048000 (18 bytes)
1684985941.383780 sending message 105 to peer 0x120048000 (26 bytes)
1684985941.383786 sending message 105 to peer 0x120048000 (53 bytes)
1684985941.383790 sending message 105 to peer 0x120048000 (57 bytes)
1684985941.383794 sending message 105 to peer 0x120048000 (43 bytes)
1684985941.383797 sending message 105 to peer 0x120048000 (13 bytes)
1684985941.383799 sending message 105 to peer 0x120048000 (9 bytes)
1684985941.383806 sending message 105 to peer 0x120048000 (14 bytes)
1684985941.383809 sending message 105 to peer 0x120048000 (19 bytes)
1684985941.383815 sending message 105 to peer 0x120048000 (40 bytes)
1684985941.383831 sending message 105 to peer 0x120048000 (11 bytes)
1684985941.383837 sending message 105 to peer 0x120048000 (49 bytes)
1684985941.383840 sending message 105 to peer 0x120048000 (32 bytes)
1684985941.383846 sending message 105 to peer 0x120048000 (25 bytes)
1684985941.383850 sending message 106 to peer 0x120048000 (0 bytes)
1684985941.383910 sending message 200 to peer 0x120048000 (4 bytes)
1684985941.383918 client loop enter
1684985941.384053 peer 0x120048000 message 303
1684985941.384068 open write file 2 -
1684985941.384101 sending message 305 to peer 0x120048000 (8 bytes)
1684985941.384116 write check file 2
1684985941.384153 peer 0x120048000 message 304
1684985941.384161 write 58 to file 2
1684985941.384165 peer 0x120048000 message 203
1684985941.384169 file 2 58 bytes left
1684985941.384178 write check file 2
1684985941.384182 client loop exit
